2011-01-23 00:58:06,859 - Log4JLogChute initialized using file 'velocity.log'
2011-01-23 00:58:06,860 - Starting Apache Velocity v1.5 (compiled: 2007-02-22 08:52:29)
2011-01-23 00:58:06,860 - Default Properties File: org/apache/velocity/runtime/defaults/velocity.properties
2011-01-23 00:58:06,860 - Trying to use logger class org.apache.velocity.runtime.log.AvalonLogChute
2011-01-23 00:58:06,861 - Couldn't find class org.apache.velocity.runtime.log.AvalonLogChute or necessary supporting classes in classpath.
java.lang.NoClassDefFoundError: org/apache/log/format/Formatter
	at java.lang.Class.forName0(Native Method)
	at java.lang.Class.forName(Class.java:247)
	at org.apache.velocity.util.ClassUtils.getClass(ClassUtils.java:63)
	at org.apache.velocity.util.ClassUtils.getNewInstance(ClassUtils.java:95)
	at org.apache.velocity.runtime.log.LogManager.createLogChute(LogManager.java:147)
	at org.apache.velocity.runtime.log.LogManager.updateLog(LogManager.java:208)
	at org.apache.velocity.runtime.RuntimeInstance.initializeLog(RuntimeInstance.java:728)
	at org.apache.velocity.runtime.RuntimeInstance.init(RuntimeInstance.java:240)
	at org.apache.velocity.runtime.RuntimeInstance.init(RuntimeInstance.java:534)
	at org.apache.velocity.runtime.RuntimeSingleton.init(RuntimeSingleton.java:227)
	at org.apache.velocity.app.Velocity.init(Velocity.java:111)
	at com.felees.hbnpojogen.Config.parseConfig(Config.java:71)
	at com.felees.hbnpojogen.HbnPojoGen.main(HbnPojoGen.java:409)
Caused by: java.lang.ClassNotFoundException: org.apache.log.format.Formatter
	at java.net.URLClassLoader$1.run(URLClassLoader.java:202)
	at java.security.AccessController.doPrivileged(Native Method)
	at java.net.URLClassLoader.findClass(URLClassLoader.java:190)
	at java.lang.ClassLoader.loadClass(ClassLoader.java:307)
	at sun.misc.Launcher$AppClassLoader.loadClass(Launcher.java:301)
	at java.lang.ClassLoader.loadClass(ClassLoader.java:248)
	... 13 more
2011-01-23 00:58:06,863 - Trying to use logger class org.apache.velocity.runtime.log.Log4JLogChute
2011-01-23 00:58:06,863 - Using logger class org.apache.velocity.runtime.log.Log4JLogChute
2011-01-23 00:58:06,865 - Default ResourceManager initializing. (class org.apache.velocity.runtime.resource.ResourceManagerImpl)
2011-01-23 00:58:06,867 - ResourceLoader instantiated: org.apache.velocity.runtime.resource.loader.ClasspathResourceLoader
2011-01-23 00:58:06,869 - ResourceCache: initialized (class org.apache.velocity.runtime.resource.ResourceCacheImpl)
2011-01-23 00:58:06,871 - Loaded System Directive: org.apache.velocity.runtime.directive.Literal
2011-01-23 00:58:06,872 - Loaded System Directive: org.apache.velocity.runtime.directive.Macro
2011-01-23 00:58:06,873 - Loaded System Directive: org.apache.velocity.runtime.directive.Parse
2011-01-23 00:58:06,874 - Loaded System Directive: org.apache.velocity.runtime.directive.Include
2011-01-23 00:58:06,875 - Loaded System Directive: org.apache.velocity.runtime.directive.Foreach
2011-01-23 00:58:06,901 - Created '20' parsers.
2011-01-23 00:58:06,906 - Velocimacro : "velocimacro.library" is not set.  Trying default library: VM_global_library.vm
2011-01-23 00:58:06,906 - Velocimacro : Default library not found.
2011-01-23 00:58:06,906 - Velocimacro : allowInline = true : VMs can be defined inline in templates
2011-01-23 00:58:06,906 - Velocimacro : allowInlineToOverride = false : VMs defined inline may NOT replace previous VM definitions
2011-01-23 00:58:06,906 - Velocimacro : allowInlineLocal = false : VMs defined inline will be global in scope if allowed.
2011-01-23 00:58:06,907 - Velocimacro : autoload off : VM system will not automatically reload global library macros
2011-01-23 00:58:06,918 - Velocimacro : added #doCalcFullType(  ) : source = templates/class.vm
2011-01-23 00:58:06,920 - Velocimacro : added #lazyManyToMany(  ) : source = templates/class.vm
2011-01-23 00:58:06,920 - Velocimacro : added #lazyOneToMany(  ) : source = templates/class.vm
2011-01-23 00:58:06,921 - Velocimacro : added #lazyOneToOne(  ) : source = templates/class.vm
2011-01-23 00:58:06,921 - Velocimacro : added #lazyManyToOne(  ) : source = templates/class.vm
2011-01-23 00:58:06,930 - Velocimacro : added #doAnnotations(  ) : source = templates/class.vm
2011-01-23 00:58:06,930 - Velocimacro : added #prefix(  ) : source = templates/class.vm
2011-01-23 00:58:06,931 - Velocimacro : added #doClassType(  ) : source = templates/class.vm
2011-01-23 00:58:06,934 - Velocimacro : added #doManyToMany(  property ) : source = templates/class.vm
2011-01-23 00:58:06,936 - Velocimacro : added #oneToManyAnnotation(  property ) : source = templates/class.vm
2011-01-23 00:58:06,941 - Velocimacro : added #manyToOneAnnotation(  property ) : source = templates/class.vm
2011-01-23 00:58:06,944 - Velocimacro : added #OneToOneAnnotation(  property ) : source = templates/class.vm
2011-01-23 00:58:06,947 - Velocimacro : added #doConstructorSignature(  ) : source = templates/class.vm
2011-01-23 00:58:06,953 - Velocimacro : added #doClassMacros(  ) : source = templates/class.vm
2011-01-23 00:58:07,043 - ResourceManager : found templates/class.vm with loader org.apache.velocity.runtime.resource.loader.ClasspathResourceLoader
2011-01-23 00:58:07,045 - Velocimacro : VM addition rejected : prefix : inline not allowed to replace existing VM
2011-01-23 00:58:07,045 - Failed to add macro: #prefix(  ) : source = templates/classIface.vm
2011-01-23 00:58:07,057 - ResourceManager : found templates/classIface.vm with loader org.apache.velocity.runtime.resource.loader.ClasspathResourceLoader
2011-01-23 00:58:07,977 - ResourceManager : found templates/dao.vm with loader org.apache.velocity.runtime.resource.loader.ClasspathResourceLoader
2011-01-23 00:58:07,980 - ResourceManager : found templates/daoInterface.vm with loader org.apache.velocity.runtime.resource.loader.ClasspathResourceLoader
2011-01-23 00:58:07,995 - ResourceManager : found templates/dao.vm with loader org.apache.velocity.runtime.resource.loader.ClasspathResourceLoader
2011-01-23 00:58:07,997 - ResourceManager : found templates/daoInterface.vm with loader org.apache.velocity.runtime.resource.loader.ClasspathResourceLoader
2011-01-23 00:58:08,009 - ResourceManager : found templates/dao.vm with loader org.apache.velocity.runtime.resource.loader.ClasspathResourceLoader
2011-01-23 00:58:08,011 - ResourceManager : found templates/daoInterface.vm with loader org.apache.velocity.runtime.resource.loader.ClasspathResourceLoader
2011-01-23 00:58:08,028 - ResourceManager : found templates/dao.vm with loader org.apache.velocity.runtime.resource.loader.ClasspathResourceLoader
2011-01-23 00:58:08,030 - ResourceManager : found templates/daoInterface.vm with loader org.apache.velocity.runtime.resource.loader.ClasspathResourceLoader
2011-01-23 00:58:08,053 - ResourceManager : found templates/dao.vm with loader org.apache.velocity.runtime.resource.loader.ClasspathResourceLoader
2011-01-23 00:58:08,055 - ResourceManager : found templates/daoInterface.vm with loader org.apache.velocity.runtime.resource.loader.ClasspathResourceLoader
2011-01-23 00:58:08,065 - ResourceManager : found templates/dao.vm with loader org.apache.velocity.runtime.resource.loader.ClasspathResourceLoader
2011-01-23 00:58:08,067 - ResourceManager : found templates/daoInterface.vm with loader org.apache.velocity.runtime.resource.loader.ClasspathResourceLoader
2011-01-23 00:58:08,078 - ResourceManager : found templates/dao.vm with loader org.apache.velocity.runtime.resource.loader.ClasspathResourceLoader
2011-01-23 00:58:08,079 - ResourceManager : found templates/daoInterface.vm with loader org.apache.velocity.runtime.resource.loader.ClasspathResourceLoader
2011-01-23 00:58:08,093 - ResourceManager : found templates/dao.vm with loader org.apache.velocity.runtime.resource.loader.ClasspathResourceLoader
2011-01-23 00:58:08,097 - ResourceManager : found templates/daoInterface.vm with loader org.apache.velocity.runtime.resource.loader.ClasspathResourceLoader
2011-01-23 00:58:08,111 - ResourceManager : found templates/dao.vm with loader org.apache.velocity.runtime.resource.loader.ClasspathResourceLoader
2011-01-23 00:58:08,113 - ResourceManager : found templates/daoInterface.vm with loader org.apache.velocity.runtime.resource.loader.ClasspathResourceLoader
2011-01-23 00:58:08,129 - ResourceManager : found templates/dao.vm with loader org.apache.velocity.runtime.resource.loader.ClasspathResourceLoader
2011-01-23 00:58:08,131 - ResourceManager : found templates/daoInterface.vm with loader org.apache.velocity.runtime.resource.loader.ClasspathResourceLoader
2011-01-23 00:58:08,151 - ResourceManager : found templates/dao.vm with loader org.apache.velocity.runtime.resource.loader.ClasspathResourceLoader
2011-01-23 00:58:08,152 - ResourceManager : found templates/daoInterface.vm with loader org.apache.velocity.runtime.resource.loader.ClasspathResourceLoader
2011-01-23 00:58:08,167 - ResourceManager : found templates/dao.vm with loader org.apache.velocity.runtime.resource.loader.ClasspathResourceLoader
2011-01-23 00:58:08,169 - ResourceManager : found templates/daoInterface.vm with loader org.apache.velocity.runtime.resource.loader.ClasspathResourceLoader
2011-01-23 00:58:08,182 - ResourceManager : found templates/dao.vm with loader org.apache.velocity.runtime.resource.loader.ClasspathResourceLoader
2011-01-23 00:58:08,184 - ResourceManager : found templates/daoInterface.vm with loader org.apache.velocity.runtime.resource.loader.ClasspathResourceLoader
2011-01-23 00:58:08,200 - ResourceManager : found templates/dao.vm with loader org.apache.velocity.runtime.resource.loader.ClasspathResourceLoader
2011-01-23 00:58:08,202 - ResourceManager : found templates/daoInterface.vm with loader org.apache.velocity.runtime.resource.loader.ClasspathResourceLoader
2011-01-23 00:58:08,217 - ResourceManager : found templates/dao.vm with loader org.apache.velocity.runtime.resource.loader.ClasspathResourceLoader
2011-01-23 00:58:08,219 - ResourceManager : found templates/daoInterface.vm with loader org.apache.velocity.runtime.resource.loader.ClasspathResourceLoader
2011-01-23 00:58:08,234 - ResourceManager : found templates/dao.vm with loader org.apache.velocity.runtime.resource.loader.ClasspathResourceLoader
2011-01-23 00:58:08,235 - ResourceManager : found templates/daoInterface.vm with loader org.apache.velocity.runtime.resource.loader.ClasspathResourceLoader
2011-01-23 00:58:08,244 - ResourceManager : found templates/dao.vm with loader org.apache.velocity.runtime.resource.loader.ClasspathResourceLoader
2011-01-23 00:58:08,246 - ResourceManager : found templates/daoInterface.vm with loader org.apache.velocity.runtime.resource.loader.ClasspathResourceLoader
2011-01-23 00:58:08,257 - ResourceManager : found templates/dao.vm with loader org.apache.velocity.runtime.resource.loader.ClasspathResourceLoader
2011-01-23 00:58:08,258 - ResourceManager : found templates/daoInterface.vm with loader org.apache.velocity.runtime.resource.loader.ClasspathResourceLoader
2011-01-23 00:58:08,277 - ResourceManager : found templates/dao.vm with loader org.apache.velocity.runtime.resource.loader.ClasspathResourceLoader
2011-01-23 00:58:08,280 - ResourceManager : found templates/daoInterface.vm with loader org.apache.velocity.runtime.resource.loader.ClasspathResourceLoader
2011-01-23 00:58:08,284 - ResourceManager : found templates/dao.vm with loader org.apache.velocity.runtime.resource.loader.ClasspathResourceLoader
2011-01-23 00:58:08,285 - ResourceManager : found templates/daoInterface.vm with loader org.apache.velocity.runtime.resource.loader.ClasspathResourceLoader
2011-01-23 00:58:08,289 - ResourceManager : found templates/dao.vm with loader org.apache.velocity.runtime.resource.loader.ClasspathResourceLoader
2011-01-23 00:58:08,291 - ResourceManager : found templates/daoInterface.vm with loader org.apache.velocity.runtime.resource.loader.ClasspathResourceLoader
2011-01-23 00:58:08,295 - ResourceManager : found templates/dao.vm with loader org.apache.velocity.runtime.resource.loader.ClasspathResourceLoader
2011-01-23 00:58:08,297 - ResourceManager : found templates/daoInterface.vm with loader org.apache.velocity.runtime.resource.loader.ClasspathResourceLoader
2011-01-23 00:58:08,301 - ResourceManager : found templates/dao.vm with loader org.apache.velocity.runtime.resource.loader.ClasspathResourceLoader
2011-01-23 00:58:08,302 - ResourceManager : found templates/daoInterface.vm with loader org.apache.velocity.runtime.resource.loader.ClasspathResourceLoader
2011-01-23 00:58:08,309 - ResourceManager : found templates/dao.vm with loader org.apache.velocity.runtime.resource.loader.ClasspathResourceLoader
2011-01-23 00:58:08,311 - ResourceManager : found templates/daoInterface.vm with loader org.apache.velocity.runtime.resource.loader.ClasspathResourceLoader
2011-01-23 00:58:08,315 - ResourceManager : found templates/dao.vm with loader org.apache.velocity.runtime.resource.loader.ClasspathResourceLoader
2011-01-23 00:58:08,317 - ResourceManager : found templates/daoInterface.vm with loader org.apache.velocity.runtime.resource.loader.ClasspathResourceLoader
2011-01-23 00:58:08,328 - ResourceManager : found templates/dao.vm with loader org.apache.velocity.runtime.resource.loader.ClasspathResourceLoader
2011-01-23 00:58:08,330 - ResourceManager : found templates/daoInterface.vm with loader org.apache.velocity.runtime.resource.loader.ClasspathResourceLoader
2011-01-23 00:58:08,334 - ResourceManager : found templates/dao.vm with loader org.apache.velocity.runtime.resource.loader.ClasspathResourceLoader
2011-01-23 00:58:08,335 - ResourceManager : found templates/daoInterface.vm with loader org.apache.velocity.runtime.resource.loader.ClasspathResourceLoader
2011-01-23 00:58:08,339 - ResourceManager : found templates/dao.vm with loader org.apache.velocity.runtime.resource.loader.ClasspathResourceLoader
2011-01-23 00:58:08,341 - ResourceManager : found templates/daoInterface.vm with loader org.apache.velocity.runtime.resource.loader.ClasspathResourceLoader
2011-01-23 00:58:08,345 - ResourceManager : found templates/dao.vm with loader org.apache.velocity.runtime.resource.loader.ClasspathResourceLoader
2011-01-23 00:58:08,346 - ResourceManager : found templates/daoInterface.vm with loader org.apache.velocity.runtime.resource.loader.ClasspathResourceLoader
2011-01-23 00:58:08,350 - ResourceManager : found templates/dao.vm with loader org.apache.velocity.runtime.resource.loader.ClasspathResourceLoader
2011-01-23 00:58:08,351 - ResourceManager : found templates/daoInterface.vm with loader org.apache.velocity.runtime.resource.loader.ClasspathResourceLoader
2011-01-23 00:58:08,354 - ResourceManager : found templates/dao.vm with loader org.apache.velocity.runtime.resource.loader.ClasspathResourceLoader
2011-01-23 00:58:08,355 - ResourceManager : found templates/daoInterface.vm with loader org.apache.velocity.runtime.resource.loader.ClasspathResourceLoader
2011-01-23 00:58:08,358 - ResourceManager : found templates/dao.vm with loader org.apache.velocity.runtime.resource.loader.ClasspathResourceLoader
2011-01-23 00:58:08,359 - ResourceManager : found templates/daoInterface.vm with loader org.apache.velocity.runtime.resource.loader.ClasspathResourceLoader
2011-01-23 00:58:08,362 - ResourceManager : found templates/dao.vm with loader org.apache.velocity.runtime.resource.loader.ClasspathResourceLoader
2011-01-23 00:58:08,363 - ResourceManager : found templates/daoInterface.vm with loader org.apache.velocity.runtime.resource.loader.ClasspathResourceLoader
2011-01-23 00:58:08,367 - ResourceManager : found templates/dao.vm with loader org.apache.velocity.runtime.resource.loader.ClasspathResourceLoader
2011-01-23 00:58:08,368 - ResourceManager : found templates/daoInterface.vm with loader org.apache.velocity.runtime.resource.loader.ClasspathResourceLoader
2011-01-23 00:58:08,371 - ResourceManager : found templates/dao.vm with loader org.apache.velocity.runtime.resource.loader.ClasspathResourceLoader
2011-01-23 00:58:08,373 - ResourceManager : found templates/daoInterface.vm with loader org.apache.velocity.runtime.resource.loader.ClasspathResourceLoader
2011-01-23 00:58:08,376 - ResourceManager : found templates/dao.vm with loader org.apache.velocity.runtime.resource.loader.ClasspathResourceLoader
2011-01-23 00:58:08,377 - ResourceManager : found templates/daoInterface.vm with loader org.apache.velocity.runtime.resource.loader.ClasspathResourceLoader
2011-01-23 00:58:08,381 - ResourceManager : found templates/dao.vm with loader org.apache.velocity.runtime.resource.loader.ClasspathResourceLoader
2011-01-23 00:58:08,382 - ResourceManager : found templates/daoInterface.vm with loader org.apache.velocity.runtime.resource.loader.ClasspathResourceLoader
2011-01-23 00:58:08,387 - ResourceManager : found templates/dao.vm with loader org.apache.velocity.runtime.resource.loader.ClasspathResourceLoader
2011-01-23 00:58:08,389 - ResourceManager : found templates/daoInterface.vm with loader org.apache.velocity.runtime.resource.loader.ClasspathResourceLoader
2011-01-23 00:58:08,391 - Velocimacro : added #state(  ) : source = templates/enum.vm
2011-01-23 00:58:08,404 - ResourceManager : found templates/enum.vm with loader org.apache.velocity.runtime.resource.loader.ClasspathResourceLoader
2011-01-23 00:58:08,406 - ResourceManager : found templates/enumClass.vm with loader org.apache.velocity.runtime.resource.loader.ClasspathResourceLoader
2011-01-23 00:58:08,408 - ResourceManager : found templates/daoFactory.vm with loader org.apache.velocity.runtime.resource.loader.ClasspathResourceLoader
2011-01-23 00:58:08,413 - ResourceManager : found templates/daoFactory.vm with loader org.apache.velocity.runtime.resource.loader.ClasspathResourceLoader
2011-01-23 00:58:08,416 - ResourceManager : found templates/daoFactory.vm with loader org.apache.velocity.runtime.resource.loader.ClasspathResourceLoader
2011-01-23 00:58:08,418 - ResourceManager : found templates/daoFactory.vm with loader org.apache.velocity.runtime.resource.loader.ClasspathResourceLoader
2011-01-23 00:58:08,421 - ResourceManager : found templates/daoFactory.vm with loader org.apache.velocity.runtime.resource.loader.ClasspathResourceLoader
2011-01-23 00:58:08,424 - ResourceManager : found templates/daoFactory.vm with loader org.apache.velocity.runtime.resource.loader.ClasspathResourceLoader
2011-01-23 00:58:08,429 - ResourceManager : found templates/daoFactory.vm with loader org.apache.velocity.runtime.resource.loader.ClasspathResourceLoader
2011-01-23 00:58:08,432 - ResourceManager : found templates/daoFactory.vm with loader org.apache.velocity.runtime.resource.loader.ClasspathResourceLoader
2011-01-23 00:58:08,435 - ResourceManager : found templates/daoFactory.vm with loader org.apache.velocity.runtime.resource.loader.ClasspathResourceLoader
2011-01-23 00:58:08,439 - ResourceManager : found templates/daoFactory.vm with loader org.apache.velocity.runtime.resource.loader.ClasspathResourceLoader
2011-01-23 00:58:08,442 - ResourceManager : found templates/daoFactory.vm with loader org.apache.velocity.runtime.resource.loader.ClasspathResourceLoader
2011-01-23 00:58:08,448 - ResourceManager : found templates/daoFactory.vm with loader org.apache.velocity.runtime.resource.loader.ClasspathResourceLoader
2011-01-23 00:58:08,452 - ResourceManager : found templates/daoFactory.vm with loader org.apache.velocity.runtime.resource.loader.ClasspathResourceLoader
2011-01-23 00:58:08,456 - ResourceManager : found templates/daoFactory.vm with loader org.apache.velocity.runtime.resource.loader.ClasspathResourceLoader
2011-01-23 00:58:08,460 - ResourceManager : found templates/daoFactory.vm with loader org.apache.velocity.runtime.resource.loader.ClasspathResourceLoader
2011-01-23 00:58:08,464 - ResourceManager : found templates/daoFactory.vm with loader org.apache.velocity.runtime.resource.loader.ClasspathResourceLoader
2011-01-23 00:58:08,469 - ResourceManager : found templates/daoFactory.vm with loader org.apache.velocity.runtime.resource.loader.ClasspathResourceLoader
2011-01-23 00:58:08,472 - ResourceManager : found templates/daoFactory.vm with loader org.apache.velocity.runtime.resource.loader.ClasspathResourceLoader
2011-01-23 00:58:08,485 - ResourceManager : found templates/daoFactory.vm with loader org.apache.velocity.runtime.resource.loader.ClasspathResourceLoader
2011-01-23 00:58:08,492 - ResourceManager : found templates/applicationContext.vm with loader org.apache.velocity.runtime.resource.loader.ClasspathResourceLoader
2011-01-23 00:58:08,497 - ResourceManager : found templates/hbnPojoGenBuild.vm with loader org.apache.velocity.runtime.resource.loader.ClasspathResourceLoader
2011-01-23 00:58:08,498 - ResourceManager : found templates/ehcache.vm with loader org.apache.velocity.runtime.resource.loader.ClasspathResourceLoader
2011-01-23 00:58:08,501 - Velocimacro : added #doprefix(  ) : source = templates/daotest.vm
2011-01-23 00:58:08,502 - Velocimacro : added #doSuffix(  ) : source = templates/daotest.vm
2011-01-23 00:58:08,503 - Velocimacro : added #custom(  title ) : source = templates/daotest.vm
2011-01-23 00:58:08,504 - Velocimacro : added #customPost(  title ) : source = templates/daotest.vm
2011-01-23 00:58:08,506 - Velocimacro : added #cleanup(  title firstPass ) : source = templates/daotest.vm
2011-01-23 00:58:08,535 - ResourceManager : found templates/daotest.vm with loader org.apache.velocity.runtime.resource.loader.ClasspathResourceLoader
2011-01-23 00:58:08,598 - ResourceManager : found templates/dataPoolFactory.vm with loader org.apache.velocity.runtime.resource.loader.ClasspathResourceLoader
2011-01-23 00:58:08,622 - Velocimacro : added #classname(  ) : source = templates/datalayer.vm
2011-01-23 00:58:08,622 - Velocimacro : added #cn(  ) : source = templates/datalayer.vm
2011-01-23 00:58:08,637 - ResourceManager : found templates/datalayer.vm with loader org.apache.velocity.runtime.resource.loader.ClasspathResourceLoader
2011-01-23 00:58:08,642 - Null reference [template 'templates/datalayer.vm', line 115, column 27] : $class.className cannot be resolved.
2011-01-23 00:58:08,643 - Null reference [template 'templates/datalayer.vm', line 135, column 35] : $class.className cannot be resolved.
2011-01-23 00:58:08,663 - Null reference [template 'templates/datalayer.vm', line 115, column 27] : $class.className cannot be resolved.
2011-01-23 00:58:08,663 - Null reference [template 'templates/datalayer.vm', line 135, column 35] : $class.className cannot be resolved.
